<?xml version="1.0" encoding="UTF-8"?>
<testsuite xmlns:xsi="http://www.w3.org/2001/XMLSchema-instance" xsi:noNamespaceSchemaLocation="https://maven.apache.org/surefire/maven-surefire-plugin/xsd/surefire-test-report.xsd" name="com.yr.AppTest" time="0.025" tests="1" errors="0" skipped="0" failures="0">
  <properties>
    <property name="sun.desktop" value="windows"/>
    <property name="awt.toolkit" value="sun.awt.windows.WToolkit"/>
    <property name="file.encoding.pkg" value="sun.io"/>
    <property name="java.specification.version" value="1.8"/>
    <property name="sun.cpu.isalist" value="amd64"/>
    <property name="sun.jnu.encoding" value="GBK"/>
    <property name="java.class.path" value="E:\idea\PPjiang\PPjiang.service\target\test-classes;E:\idea\PPjiang\PPjiang.service\target\classes;E:\maven\maven-repo\junit\junit\4.11\junit-4.11.jar;E:\maven\maven-repo\org\hamcrest\hamcrest-core\1.3\hamcrest-core-1.3.jar;E:\idea\PPjiang\PPjiang.dao\target\PPjiang.dao-1.0-SNAPSHOT.jar;E:\idea\PPjiang\PPjiang.entity\target\PPjiang.entity-1.0-SNAPSHOT.jar;E:\maven\maven-repo\antlr\antlr\2.7.7\antlr-2.7.7.jar;E:\maven\maven-repo\com\mchange\c3p0\0.9.5\c3p0-0.9.5.jar;E:\maven\maven-repo\com\mchange\mchange-commons-java\0.2.9\mchange-commons-java-0.2.9.jar;E:\maven\maven-repo\org\aopalliance\com.springsource.org.aopalliance\1.0.0\com.springsource.org.aopalliance-1.0.0.jar;E:\maven\maven-repo\net\sourceforge\cglib\com.springsource.net.sf.cglib\2.2.0\com.springsource.net.sf.cglib-2.2.0.jar;E:\maven\maven-repo\commons-beanutils\commons-beanutils\1.9.3\commons-beanutils-1.9.3.jar;E:\maven\maven-repo\commons-logging\commons-logging\1.2\commons-logging-1.2.jar;E:\maven\maven-repo\commons-collections\commons-collections\3.2.2\commons-collections-3.2.2.jar;E:\maven\maven-repo\commons-codec\commons-codec\1.10\commons-codec-1.10.jar;E:\maven\maven-repo\dom4j\dom4j\1.6.1\dom4j-1.6.1.jar;E:\maven\maven-repo\xml-apis\xml-apis\1.0.b2\xml-apis-1.0.b2.jar;E:\maven\maven-repo\com\github\virtuald\curvesapi\1.04\curvesapi-1.04.jar;E:\maven\maven-repo\net\sf\ehcache\ehcache-core\2.4.3\ehcache-core-2.4.3.jar;E:\maven\maven-repo\org\slf4j\slf4j-api\1.6.1\slf4j-api-1.6.1.jar;E:\maven\maven-repo\org\hibernate\validator\hibernate-validator\6.1.4.Final\hibernate-validator-6.1.4.Final.jar;E:\maven\maven-repo\jakarta\validation\jakarta.validation-api\2.0.2\jakarta.validation-api-2.0.2.jar;E:\maven\maven-repo\org\jboss\logging\jboss-logging\3.3.2.Final\jboss-logging-3.3.2.Final.jar;E:\maven\maven-repo\com\fasterxml\classmate\1.3.4\classmate-1.3.4.jar;E:\maven\maven-repo\jstl\jstl\1.2\jstl-1.2.jar;E:\maven\maven-repo\org\jboss\jandex\2.1.1.Final\jandex-2.1.1.Final.jar;E:\maven\maven-repo\log4j\log4j\1.2.17\log4j-1.2.17.jar;E:\maven\maven-repo\javax\servlet\javax.servlet-api\3.1.0\javax.servlet-api-3.1.0.jar;E:\maven\maven-repo\org\mybatis\mybatis\3.5.5\mybatis-3.5.5.jar;E:\maven\maven-repo\org\mybatis\mybatis-spring\1.3.1\mybatis-spring-1.3.1.jar;E:\maven\maven-repo\mysql\mysql-connector-java\8.0.16\mysql-connector-java-8.0.16.jar;E:\maven\maven-repo\com\google\protobuf\protobuf-java\3.6.1\protobuf-java-3.6.1.jar;E:\maven\maven-repo\org\jboss\spec\javax\transaction\jboss-transaction-api_1.1_spec\1.0.1.Final\jboss-transaction-api_1.1_spec-1.0.1.Final.jar;E:\maven\maven-repo\javax\servlet\jsp-api\2.0\jsp-api-2.0.jar;E:\maven\maven-repo\javax\servlet\servlet-api\2.4\servlet-api-2.4.jar;E:\maven\maven-repo\org\springframework\spring-aop\5.2.5.RELEASE\spring-aop-5.2.5.RELEASE.jar;E:\maven\maven-repo\org\springframework\spring-beans\5.2.5.RELEASE\spring-beans-5.2.5.RELEASE.jar;E:\maven\maven-repo\org\springframework\spring-core\5.2.5.RELEASE\spring-core-5.2.5.RELEASE.jar;E:\maven\maven-repo\org\springframework\spring-jcl\5.2.5.RELEASE\spring-jcl-5.2.5.RELEASE.jar;E:\maven\maven-repo\org\springframework\spring-aspects\5.2.5.RELEASE\spring-aspects-5.2.5.RELEASE.jar;E:\maven\maven-repo\org\aspectj\aspectjweaver\1.9.5\aspectjweaver-1.9.5.jar;E:\maven\maven-repo\org\springframework\spring-context\5.2.5.RELEASE\spring-context-5.2.5.RELEASE.jar;E:\maven\maven-repo\org\springframework\spring-expression\5.2.5.RELEASE\spring-expression-5.2.5.RELEASE.jar;E:\maven\maven-repo\org\springframework\spring-context-support\5.2.5.RELEASE\spring-context-support-5.2.5.RELEASE.jar;E:\maven\maven-repo\org\springframework\spring-context-indexer\5.2.5.RELEASE\spring-context-indexer-5.2.5.RELEASE.jar;E:\maven\maven-repo\org\springframework\spring-instrument\5.2.5.RELEASE\spring-instrument-5.2.5.RELEASE.jar;E:\maven\maven-repo\org\springframework\spring-jdbc\5.2.5.RELEASE\spring-jdbc-5.2.5.RELEASE.jar;E:\maven\maven-repo\org\springframework\spring-tx\5.2.5.RELEASE\spring-tx-5.2.5.RELEASE.jar;E:\maven\maven-repo\org\springframework\spring-messaging\5.2.5.RELEASE\spring-messaging-5.2.5.RELEASE.jar;E:\maven\maven-repo\org\springframework\spring-orm\5.2.5.RELEASE\spring-orm-5.2.5.RELEASE.jar;E:\maven\maven-repo\org\springframework\spring-web\5.2.5.RELEASE\spring-web-5.2.5.RELEASE.jar;E:\maven\maven-repo\org\springframework\spring-test\5.2.5.RELEASE\spring-test-5.2.5.RELEASE.jar;E:\maven\maven-repo\org\springframework\spring-webflux\5.2.5.RELEASE\spring-webflux-5.2.5.RELEASE.jar;E:\maven\maven-repo\io\projectreactor\reactor-core\3.3.4.RELEASE\reactor-core-3.3.4.RELEASE.jar;E:\maven\maven-repo\org\reactivestreams\reactive-streams\1.0.3\reactive-streams-1.0.3.jar;E:\maven\maven-repo\org\springframework\spring-oxm\5.2.5.RELEASE\spring-oxm-5.2.5.RELEASE.jar;E:\maven\maven-repo\org\springframework\spring-webmvc\5.2.5.RELEASE\spring-webmvc-5.2.5.RELEASE.jar;E:\maven\maven-repo\org\springframework\spring-websocket\5.2.5.RELEASE\spring-websocket-5.2.5.RELEASE.jar;E:\maven\maven-repo\taglibs\standard\1.1.2\standard-1.1.2.jar;E:\maven\maven-repo\org\apache\struts\struts2-json-plugin\2.3.24.1\struts2-json-plugin-2.3.24.1.jar;E:\maven\maven-repo\org\apache\commons\commons-lang3\3.2\commons-lang3-3.2.jar;E:\maven\maven-repo\org\apache\struts\struts2-core\2.3.24.1\struts2-core-2.3.24.1.jar;E:\maven\maven-repo\org\apache\struts\xwork\xwork-core\2.3.24.1\xwork-core-2.3.24.1.jar;E:\maven\maven-repo\asm\asm\3.3\asm-3.3.jar;E:\maven\maven-repo\asm\asm-commons\3.3\asm-commons-3.3.jar;E:\maven\maven-repo\asm\asm-tree\3.3\asm-tree-3.3.jar;E:\maven\maven-repo\org\freemarker\freemarker\2.3.22\freemarker-2.3.22.jar;E:\maven\maven-repo\ognl\ognl\3.0.6\ognl-3.0.6.jar;E:\maven\maven-repo\javassist\javassist\3.11.0.GA\javassist-3.11.0.GA.jar;E:\maven\maven-repo\commons-fileupload\commons-fileupload\1.3.1\commons-fileupload-1.3.1.jar;E:\maven\maven-repo\commons-io\commons-io\2.2\commons-io-2.2.jar;E:\maven\maven-repo\javax\validation\validation-api\2.0.1.Final\validation-api-2.0.1.Final.jar;E:\maven\maven-repo\org\apache\xmlbeans\xmlbeans\2.6.0\xmlbeans-2.6.0.jar;E:\maven\maven-repo\stax\stax-api\1.0.1\stax-api-1.0.1.jar;E:\maven\maven-repo\com\fasterxml\jackson\core\jackson-annotations\2.11.0\jackson-annotations-2.11.0.jar;E:\maven\maven-repo\com\fasterxml\jackson\core\jackson-core\2.11.0\jackson-core-2.11.0.jar;E:\maven\maven-repo\com\fasterxml\jackson\core\jackson-databind\2.11.0\jackson-databind-2.11.0.jar;"/>
    <property name="java.vm.vendor" value="Oracle Corporation"/>
    <property name="sun.arch.data.model" value="64"/>
    <property name="user.variant" value=""/>
    <property name="java.vendor.url" value="http://java.oracle.com/"/>
    <property name="user.timezone" value="GMT+08:00"/>
    <property name="java.vm.specification.version" value="1.8"/>
    <property name="os.name" value="Windows 10"/>
    <property name="user.country" value="CN"/>
    <property name="sun.java.launcher" value="SUN_STANDARD"/>
    <property name="sun.boot.library.path" value="C:\Program Files\Java\jdk1.8.0_191\jre\bin"/>
    <property name="sun.java.command" value="C:\Users\ADMINI~1\AppData\Local\Temp\surefire321329936197215396\surefirebooter4290826401595250229.jar C:\Users\Administrator\AppData\Local\Temp\surefire321329936197215396 2020-07-02T09-58-02_567-jvmRun1 surefire5438896570849473380tmp surefire_19092920015806049874tmp"/>
    <property name="surefire.test.class.path" value="E:\idea\PPjiang\PPjiang.service\target\test-classes;E:\idea\PPjiang\PPjiang.service\target\classes;E:\maven\maven-repo\junit\junit\4.11\junit-4.11.jar;E:\maven\maven-repo\org\hamcrest\hamcrest-core\1.3\hamcrest-core-1.3.jar;E:\idea\PPjiang\PPjiang.dao\target\PPjiang.dao-1.0-SNAPSHOT.jar;E:\idea\PPjiang\PPjiang.entity\target\PPjiang.entity-1.0-SNAPSHOT.jar;E:\maven\maven-repo\antlr\antlr\2.7.7\antlr-2.7.7.jar;E:\maven\maven-repo\com\mchange\c3p0\0.9.5\c3p0-0.9.5.jar;E:\maven\maven-repo\com\mchange\mchange-commons-java\0.2.9\mchange-commons-java-0.2.9.jar;E:\maven\maven-repo\org\aopalliance\com.springsource.org.aopalliance\1.0.0\com.springsource.org.aopalliance-1.0.0.jar;E:\maven\maven-repo\net\sourceforge\cglib\com.springsource.net.sf.cglib\2.2.0\com.springsource.net.sf.cglib-2.2.0.jar;E:\maven\maven-repo\commons-beanutils\commons-beanutils\1.9.3\commons-beanutils-1.9.3.jar;E:\maven\maven-repo\commons-logging\commons-logging\1.2\commons-logging-1.2.jar;E:\maven\maven-repo\commons-collections\commons-collections\3.2.2\commons-collections-3.2.2.jar;E:\maven\maven-repo\commons-codec\commons-codec\1.10\commons-codec-1.10.jar;E:\maven\maven-repo\dom4j\dom4j\1.6.1\dom4j-1.6.1.jar;E:\maven\maven-repo\xml-apis\xml-apis\1.0.b2\xml-apis-1.0.b2.jar;E:\maven\maven-repo\com\github\virtuald\curvesapi\1.04\curvesapi-1.04.jar;E:\maven\maven-repo\net\sf\ehcache\ehcache-core\2.4.3\ehcache-core-2.4.3.jar;E:\maven\maven-repo\org\slf4j\slf4j-api\1.6.1\slf4j-api-1.6.1.jar;E:\maven\maven-repo\org\hibernate\validator\hibernate-validator\6.1.4.Final\hibernate-validator-6.1.4.Final.jar;E:\maven\maven-repo\jakarta\validation\jakarta.validation-api\2.0.2\jakarta.validation-api-2.0.2.jar;E:\maven\maven-repo\org\jboss\logging\jboss-logging\3.3.2.Final\jboss-logging-3.3.2.Final.jar;E:\maven\maven-repo\com\fasterxml\classmate\1.3.4\classmate-1.3.4.jar;E:\maven\maven-repo\jstl\jstl\1.2\jstl-1.2.jar;E:\maven\maven-repo\org\jboss\jandex\2.1.1.Final\jandex-2.1.1.Final.jar;E:\maven\maven-repo\log4j\log4j\1.2.17\log4j-1.2.17.jar;E:\maven\maven-repo\javax\servlet\javax.servlet-api\3.1.0\javax.servlet-api-3.1.0.jar;E:\maven\maven-repo\org\mybatis\mybatis\3.5.5\mybatis-3.5.5.jar;E:\maven\maven-repo\org\mybatis\mybatis-spring\1.3.1\mybatis-spring-1.3.1.jar;E:\maven\maven-repo\mysql\mysql-connector-java\8.0.16\mysql-connector-java-8.0.16.jar;E:\maven\maven-repo\com\google\protobuf\protobuf-java\3.6.1\protobuf-java-3.6.1.jar;E:\maven\maven-repo\org\jboss\spec\javax\transaction\jboss-transaction-api_1.1_spec\1.0.1.Final\jboss-transaction-api_1.1_spec-1.0.1.Final.jar;E:\maven\maven-repo\javax\servlet\jsp-api\2.0\jsp-api-2.0.jar;E:\maven\maven-repo\javax\servlet\servlet-api\2.4\servlet-api-2.4.jar;E:\maven\maven-repo\org\springframework\spring-aop\5.2.5.RELEASE\spring-aop-5.2.5.RELEASE.jar;E:\maven\maven-repo\org\springframework\spring-beans\5.2.5.RELEASE\spring-beans-5.2.5.RELEASE.jar;E:\maven\maven-repo\org\springframework\spring-core\5.2.5.RELEASE\spring-core-5.2.5.RELEASE.jar;E:\maven\maven-repo\org\springframework\spring-jcl\5.2.5.RELEASE\spring-jcl-5.2.5.RELEASE.jar;E:\maven\maven-repo\org\springframework\spring-aspects\5.2.5.RELEASE\spring-aspects-5.2.5.RELEASE.jar;E:\maven\maven-repo\org\aspectj\aspectjweaver\1.9.5\aspectjweaver-1.9.5.jar;E:\maven\maven-repo\org\springframework\spring-context\5.2.5.RELEASE\spring-context-5.2.5.RELEASE.jar;E:\maven\maven-repo\org\springframework\spring-expression\5.2.5.RELEASE\spring-expression-5.2.5.RELEASE.jar;E:\maven\maven-repo\org\springframework\spring-context-support\5.2.5.RELEASE\spring-context-support-5.2.5.RELEASE.jar;E:\maven\maven-repo\org\springframework\spring-context-indexer\5.2.5.RELEASE\spring-context-indexer-5.2.5.RELEASE.jar;E:\maven\maven-repo\org\springframework\spring-instrument\5.2.5.RELEASE\spring-instrument-5.2.5.RELEASE.jar;E:\maven\maven-repo\org\springframework\spring-jdbc\5.2.5.RELEASE\spring-jdbc-5.2.5.RELEASE.jar;E:\maven\maven-repo\org\springframework\spring-tx\5.2.5.RELEASE\spring-tx-5.2.5.RELEASE.jar;E:\maven\maven-repo\org\springframework\spring-messaging\5.2.5.RELEASE\spring-messaging-5.2.5.RELEASE.jar;E:\maven\maven-repo\org\springframework\spring-orm\5.2.5.RELEASE\spring-orm-5.2.5.RELEASE.jar;E:\maven\maven-repo\org\springframework\spring-web\5.2.5.RELEASE\spring-web-5.2.5.RELEASE.jar;E:\maven\maven-repo\org\springframework\spring-test\5.2.5.RELEASE\spring-test-5.2.5.RELEASE.jar;E:\maven\maven-repo\org\springframework\spring-webflux\5.2.5.RELEASE\spring-webflux-5.2.5.RELEASE.jar;E:\maven\maven-repo\io\projectreactor\reactor-core\3.3.4.RELEASE\reactor-core-3.3.4.RELEASE.jar;E:\maven\maven-repo\org\reactivestreams\reactive-streams\1.0.3\reactive-streams-1.0.3.jar;E:\maven\maven-repo\org\springframework\spring-oxm\5.2.5.RELEASE\spring-oxm-5.2.5.RELEASE.jar;E:\maven\maven-repo\org\springframework\spring-webmvc\5.2.5.RELEASE\spring-webmvc-5.2.5.RELEASE.jar;E:\maven\maven-repo\org\springframework\spring-websocket\5.2.5.RELEASE\spring-websocket-5.2.5.RELEASE.jar;E:\maven\maven-repo\taglibs\standard\1.1.2\standard-1.1.2.jar;E:\maven\maven-repo\org\apache\struts\struts2-json-plugin\2.3.24.1\struts2-json-plugin-2.3.24.1.jar;E:\maven\maven-repo\org\apache\commons\commons-lang3\3.2\commons-lang3-3.2.jar;E:\maven\maven-repo\org\apache\struts\struts2-core\2.3.24.1\struts2-core-2.3.24.1.jar;E:\maven\maven-repo\org\apache\struts\xwork\xwork-core\2.3.24.1\xwork-core-2.3.24.1.jar;E:\maven\maven-repo\asm\asm\3.3\asm-3.3.jar;E:\maven\maven-repo\asm\asm-commons\3.3\asm-commons-3.3.jar;E:\maven\maven-repo\asm\asm-tree\3.3\asm-tree-3.3.jar;E:\maven\maven-repo\org\freemarker\freemarker\2.3.22\freemarker-2.3.22.jar;E:\maven\maven-repo\ognl\ognl\3.0.6\ognl-3.0.6.jar;E:\maven\maven-repo\javassist\javassist\3.11.0.GA\javassist-3.11.0.GA.jar;E:\maven\maven-repo\commons-fileupload\commons-fileupload\1.3.1\commons-fileupload-1.3.1.jar;E:\maven\maven-repo\commons-io\commons-io\2.2\commons-io-2.2.jar;E:\maven\maven-repo\javax\validation\validation-api\2.0.1.Final\validation-api-2.0.1.Final.jar;E:\maven\maven-repo\org\apache\xmlbeans\xmlbeans\2.6.0\xmlbeans-2.6.0.jar;E:\maven\maven-repo\stax\stax-api\1.0.1\stax-api-1.0.1.jar;E:\maven\maven-repo\com\fasterxml\jackson\core\jackson-annotations\2.11.0\jackson-annotations-2.11.0.jar;E:\maven\maven-repo\com\fasterxml\jackson\core\jackson-core\2.11.0\jackson-core-2.11.0.jar;E:\maven\maven-repo\com\fasterxml\jackson\core\jackson-databind\2.11.0\jackson-databind-2.11.0.jar;"/>
    <property name="sun.cpu.endian" value="little"/>
    <property name="user.home" value="C:\Users\Administrator"/>
    <property name="user.language" value="zh"/>
    <property name="java.specification.vendor" value="Oracle Corporation"/>
    <property name="java.home" value="C:\Program Files\Java\jdk1.8.0_191\jre"/>
    <property name="basedir" value="E:\idea\PPjiang\PPjiang.service"/>
    <property name="file.separator" value="\"/>
    <property name="line.separator" value="&#10;"/>
    <property name="java.vm.specification.vendor" value="Oracle Corporation"/>
    <property name="java.specification.name" value="Java Platform API Specification"/>
    <property name="java.awt.graphicsenv" value="sun.awt.Win32GraphicsEnvironment"/>
    <property name="idea.version2020.1.1" value="true"/>
    <property name="surefire.real.class.path" value="C:\Users\ADMINI~1\AppData\Local\Temp\surefire321329936197215396\surefirebooter4290826401595250229.jar"/>
    <property name="sun.boot.class.path" value="C:\Program Files\Java\jdk1.8.0_191\jre\lib\resources.jar;C:\Program Files\Java\jdk1.8.0_191\jre\lib\rt.jar;C:\Program Files\Java\jdk1.8.0_191\jre\lib\sunrsasign.jar;C:\Program Files\Java\jdk1.8.0_191\jre\lib\jsse.jar;C:\Program Files\Java\jdk1.8.0_191\jre\lib\jce.jar;C:\Program Files\Java\jdk1.8.0_191\jre\lib\charsets.jar;C:\Program Files\Java\jdk1.8.0_191\jre\lib\jfr.jar;C:\Program Files\Java\jdk1.8.0_191\jre\classes"/>
    <property name="user.script" value=""/>
    <property name="sun.management.compiler" value="HotSpot 64-Bit Tiered Compilers"/>
    <property name="java.runtime.version" value="1.8.0_191-b12"/>
    <property name="user.name" value="Administrator"/>
    <property name="path.separator" value=";"/>
    <property name="os.version" value="10.0"/>
    <property name="java.endorsed.dirs" value="C:\Program Files\Java\jdk1.8.0_191\jre\lib\endorsed"/>
    <property name="java.runtime.name" value="Java(TM) SE Runtime Environment"/>
    <property name="file.encoding" value="GBK"/>
    <property name="java.vm.name" value="Java HotSpot(TM) 64-Bit Server VM"/>
    <property name="localRepository" value="E:\maven\maven-repo"/>
    <property name="java.vendor.url.bug" value="http://bugreport.sun.com/bugreport/"/>
    <property name="java.io.tmpdir" value="C:\Users\ADMINI~1\AppData\Local\Temp\"/>
    <property name="java.version" value="1.8.0_191"/>
    <property name="user.dir" value="E:\idea\PPjiang\PPjiang.service"/>
    <property name="os.arch" value="amd64"/>
    <property name="java.vm.specification.name" value="Java Virtual Machine Specification"/>
    <property name="java.awt.printerjob" value="sun.awt.windows.WPrinterJob"/>
    <property name="sun.os.patch.level" value=""/>
    <property name="java.library.path" value="C:\Program Files\Java\jdk1.8.0_191\jre\bin;C:\WINDOWS\Sun\Java\bin;C:\WINDOWS\system32;C:\WINDOWS;C:\Program Files (x86)\Common Files\Oracle\Java\javapath;C:\Program Files\Java\jre1.8.0_191\bin;C:\Windows\system32;C:\Windows;C:\Windows\System32\Wbem;C:\Windows\System32\WindowsPowerShell\v1.0\;C:\Windows\System32\OpenSSH\;C:\Program Files (x86)\NVIDIA Corporation\PhysX\Common;E:\Program Files\VisualSVN Server\bin;E:\Program Files\TortoiseSVN\bin;E:\maven\apache-maven-3.6.3\bin;C:\WINDOWS\system32;C:\WINDOWS;C:\WINDOWS\System32\Wbem;C:\WINDOWS\System32\WindowsPowerShell\v1.0\;C:\WINDOWS\System32\OpenSSH\;C:\Users\Administrator\AppData\Local\Microsoft\WindowsApps;;."/>
    <property name="java.vm.info" value="mixed mode"/>
    <property name="java.vendor" value="Oracle Corporation"/>
    <property name="java.vm.version" value="25.191-b12"/>
    <property name="java.ext.dirs" value="C:\Program Files\Java\jdk1.8.0_191\jre\lib\ext;C:\WINDOWS\Sun\Java\lib\ext"/>
    <property name="sun.io.unicode.encoding" value="UnicodeLittle"/>
    <property name="java.class.version" value="52.0"/>
  </properties>
  <testcase name="shouldAnswerWithTrue" classname="com.yr.AppTest" time="0.001"/>
</testsuite>